<?xml version="1.0" encoding="UTF-8"?>
<!-- Generated by org.testng.reporters.JUnitXMLReporter -->
<testsuite ignored="0" hostname="LAPTOP-A05LVLGA" failures="1" tests="9" name="Test" time="0.089" errors="0" timestamp="04 Sep. 2022 16:34:37 GMT">
  <testcase classname="tests.Testing1" name="abc" time="0.006"/>
  <testcase classname="tests.Testing1" name="abc" time="0.002"/>
  <testcase classname="tests.Testing1" name="test1" time="0.002"/>
  <testcase classname="tests.Testing1" name="test2" time="0.002"/>
  <testcase classname="tests.Testing2" name="test3" time="0.002"/>
  <testcase classname="tests.Testing2" name="test4" time="0.002"/>
  <testcase classname="tests.Testing3" name="createUser" time="0.005">
    <failure type="java.lang.AssertionError" message="Verifying Element expected [true] but found [false]">
      <![CDATA[java.lang.AssertionError: Verifying Element expected [true] but found [false]
at tests.Testing3.createUser(Testing3.java:17)
... Removed 28 stack frames]]>
    </failure>
  </testcase> <!-- createUser -->
  <testcase classname="tests.Testing3" name="editUser" time="0.0">
    <skipped/>
  </testcase> <!-- editUser -->
  <testcase classname="tests.Testing3" name="deleteUser" time="0.0">
    <skipped/>
  </testcase> <!-- deleteUser -->
</testsuite> <!-- Test -->
