<?xml version="1.0" encoding="UTF-8"?>
<!-- Generated by org.testng.reporters.JUnitXMLReporter -->
<testsuite ignored="0" hostname="LAPTOP-A05LVLGA" failures="1" tests="9" name="Surefire test" time="0.1" errors="0" timestamp="04 Sep. 2022 16:48:34 GMT">
  <testcase classname="tests.Testing1" name="abc" time="0.003"/>
  <testcase classname="tests.Testing1" name="abc" time="0.0"/>
  <testcase classname="tests.Testing1" name="test1" time="0.0"/>
  <testcase classname="tests.Testing1" name="test2" time="0.002"/>
  <testcase classname="tests.Testing2" name="test3" time="0.0"/>
  <testcase classname="tests.Testing2" name="test4" time="0.0"/>
  <testcase classname="tests.Testing3" name="createUser" time="0.012">
    <failure type="java.lang.AssertionError" message="Verifying Element expected [true] but found [false]">
      <![CDATA[java.lang.AssertionError: Verifying Element expected [true] but found [false]
at tests.Testing3.createUser(Testing3.java:17)
... Removed 32 stack frames]]>
    </failure>
  </testcase> <!-- createUser -->
  <testcase classname="tests.Testing3" name="editUser" time="0.0">
    <skipped/>
  </testcase> <!-- editUser -->
  <testcase classname="tests.Testing3" name="deleteUser" time="0.0">
    <skipped/>
  </testcase> <!-- deleteUser -->
</testsuite> <!-- Surefire test -->
